[22:23:28] [ERROR] Update system packages: Warning: Permanently added '46.224.226.136' (ED25519) to the list of known hosts.
Permission denied, please try again.
[22:23:35] [ERROR] Create deployer user: Permission denied, please try again.
Permission denied, please try again.
[22:23:42] [ERROR] Add deployer to sudo group: Permission denied, please try again.
Permission denied, please try again.
[22:42:58] [ERROR] Update system packages: Command failed: bash "/Users/hamzamellahi/Desktop/projects/vps-starter/steps/02_initial_setup.sh" "update_system"
[22:42:58] [ERROR] Create deployer user: Command failed: bash "/Users/hamzamellahi/Desktop/projects/vps-starter/steps/02_initial_setup.sh" "create_deployer"
[22:42:58] [ERROR] Add deployer to sudo group: Command failed: bash "/Users/hamzamellahi/Desktop/projects/vps-starter/steps/02_initial_setup.sh" "add_sudo"
[22:42:58] [ERROR] Enable passwordless sudo: Command failed: bash "/Users/hamzamellahi/Desktop/projects/vps-starter/steps/02_initial_setup.sh" "enable_passwordless_sudo"
[22:43:02] [ERROR] Update system packages: Command failed: bash "/Users/hamzamellahi/Desktop/projects/vps-starter/steps/02_initial_setup.sh" "update_system"
[22:43:02] [ERROR] Create deployer user: Command failed: bash "/Users/hamzamellahi/Desktop/projects/vps-starter/steps/02_initial_setup.sh" "create_deployer"
[22:43:02] [ERROR] Add deployer to sudo group: Command failed: bash "/Users/hamzamellahi/Desktop/projects/vps-starter/steps/02_initial_setup.sh" "add_sudo"
[22:43:03] [ERROR] Enable passwordless sudo: Command failed: bash "/Users/hamzamellahi/Desktop/projects/vps-starter/steps/02_initial_setup.sh" "enable_passwordless_sudo"
[22:46:03] [ERROR] Set default policies: spawnSync /bin/sh ETIMEDOUT
[22:47:39] [OK] Update system packages
[22:47:41] [OK] Create deployer user
[22:47:43] [OK] Add deployer to sudo group
[22:47:44] [OK] Enable passwordless sudo
[22:49:20] [ERROR] Set default policies: Permission denied, please try again.
Permission denied, please try again.
deployer@46.224.226.136: Permission denied (publickey,password).
[22:52:20] [ERROR] Allow SSH / HTTP / HTTPS: spawnSync /bin/sh ETIMEDOUT
[22:52:20] [OK] Allow extra ports (config)
[22:54:41] [OK] Update system packages
[22:54:42] [OK] Create deployer user
[22:54:43] [OK] Add deployer to sudo group
[22:54:44] [OK] Enable passwordless sudo
[22:56:57] [OK] Update system packages
[22:56:58] [OK] Create deployer user
[22:56:59] [OK] Add deployer to sudo group
[22:57:00] [OK] Enable passwordless sudo
[22:57:02] [OK] Set default policies
[22:57:05] [OK] Allow SSH / HTTP / HTTPS
[22:57:05] [OK] Allow extra ports (config)
[22:57:07] [OK] Enable UFW
[22:57:08] [OK] Verify firewall status
[22:58:10] [OK] Update system packages
[22:58:11] [OK] Create deployer user
[22:58:12] [OK] Add deployer to sudo group
[22:58:13] [OK] Enable passwordless sudo
[22:58:14] [OK] Set default policies
[22:58:17] [OK] Allow SSH / HTTP / HTTPS
[22:58:17] [OK] Allow extra ports (config)
[22:58:19] [OK] Enable UFW
[22:58:20] [OK] Verify firewall status
[22:58:22] [OK] Patch sshd_config
[22:58:23] [OK] Validate sshd config syntax
[22:58:24] [ERROR] Restart SSH service: Failed to restart sshd.service: Unit sshd.service not found.
[22:58:34] [OK] Install Fail2Ban
[22:58:35] [ERROR] Write jail.local (from config): Command failed: bash "/Users/hamzamellahi/Desktop/projects/vps-starter/steps/06_fail2ban.sh" "write_jail"
[22:58:36] [OK] Enable & start Fail2Ban
[22:58:37] [OK] Verify sshd jail active
[22:58:37] [OK] Install unattended-upgrades
[22:58:41] [OK] Enable auto-update config
[22:58:42] [OK] Verify unattended-upgrades
[22:58:44] [OK] Install Docker
[22:58:45] [ERROR] Add deployer to docker group: usermod: group 'docker' does not exist
[22:58:46] [ERROR] Verify docker version: Usage: sg group [[-c] command]
[22:58:47] [ERROR] Verify docker compose: Usage: sg group [[-c] command]
[22:58:47] [ERROR] Clone / pull repository: Command failed: bash "/Users/hamzamellahi/Desktop/projects/vps-starter/steps/12_deploy_code.sh" "clone_repo"
[22:58:47] [ERROR] Copy & configure .env file: Command failed: bash "/Users/hamzamellahi/Desktop/projects/vps-starter/steps/12_deploy_code.sh" "copy_env"
[22:58:47] [ERROR] Set .env permissions (600): Command failed: bash "/Users/hamzamellahi/Desktop/projects/vps-starter/steps/12_deploy_code.sh" "set_env_permissions"
[22:58:47] [ERROR] Deploy finished with failures.
